<?xml version="1.0" encoding="UTF-8"?>
<!-- Generated by org.testng.reporters.JUnitXMLReporter -->
<testsuite ignored="0" hostname="LAPTOP-94BRGR1T" failures="0" tests="3" name="Default test" time="0.042" errors="0" timestamp="2022-01-27T01:11:37 IST">
  <testcase classname="FirstRstAPI.tst" name="printMethod" time="0.006"/>
  <testcase classname="FirstRstAPI.tst" name="showMethod" time="0.002"/>
  <testcase classname="FirstRstAPI.tst" name="amroodMethod" time="0.001"/>
</testsuite> <!-- Default test -->
